[2026-06-17 10:30:36,352] INFO [dyslexia_ai_tutor.__init__:50] OrchestratorAgent initialized with all sub-agents.
[2026-06-17 10:30:40,110] INFO [dyslexia_ai_tutor.__init__:50] OrchestratorAgent initialized with all sub-agents.
[2026-06-17 10:33:48,465] INFO [dyslexia_ai_tutor.__init__:50] OrchestratorAgent initialized with all sub-agents.
[2026-06-17 10:44:01,219] INFO [dyslexia_ai_tutor.__init__:50] OrchestratorAgent initialized with all sub-agents.
[2026-06-17 10:44:04,965] INFO [dyslexia_ai_tutor.__init__:50] OrchestratorAgent initialized with all sub-agents.
[2026-06-17 10:49:16,032] INFO [dyslexia_ai_tutor.main:98] Dyslexia AI Tutor startup complete.
[2026-06-17 10:49:17,321] INFO [dyslexia_ai_tutor.__init__:50] OrchestratorAgent initialized with all sub-agents.
[2026-06-17 10:49:17,324] INFO [dyslexia_ai_tutor.run_full_workflow:83] Starting workflow for user=alex, file=C:\Users\arees\Downloads\hackathon\dyslexia-ai-tutor\uploads\sample_topic.txt, query='spaced repetition'
[2026-06-17 10:49:17,325] INFO [dyslexia_ai_tutor.run_full_workflow:102] Ingesting file: C:\Users\arees\Downloads\hackathon\dyslexia-ai-tutor\uploads\sample_topic.txt
[2026-06-17 10:49:17,430] INFO [dyslexia_ai_tutor.run_full_workflow:104] Document chunked into 1 fragments.
[2026-06-17 10:49:17,430] INFO [dyslexia_ai_tutor.run_full_workflow:107] Retrieving context for query: 'spaced repetition'
[2026-06-17 10:49:17,447] INFO [dyslexia_ai_tutor.run_full_workflow:114] Context retrieved successfully (221 characters).
[2026-06-17 10:49:17,447] INFO [dyslexia_ai_tutor.run_full_workflow:117] Routing content to adaptation agents.
[2026-06-17 11:08:42,900] INFO [dyslexia_ai_tutor.__init__:50] OrchestratorAgent initialized with all sub-agents.
[2026-06-17 11:09:36,322] INFO [dyslexia_ai_tutor.__init__:50] OrchestratorAgent initialized with all sub-agents.
[2026-06-17 11:10:53,664] INFO [dyslexia_ai_tutor.main:98] Dyslexia AI Tutor startup complete.
[2026-06-17 11:10:58,237] INFO [dyslexia_ai_tutor.__init__:50] OrchestratorAgent initialized with all sub-agents.
[2026-06-17 11:10:58,239] INFO [dyslexia_ai_tutor.run_full_workflow:83] Starting workflow for user=alex, file=C:\Users\arees\Downloads\hackathon\dyslexia-ai-tutor\uploads\sample_topic.txt, query='spaced repetition'
[2026-06-17 11:10:58,240] INFO [dyslexia_ai_tutor.run_full_workflow:102] Ingesting file: C:\Users\arees\Downloads\hackathon\dyslexia-ai-tutor\uploads\sample_topic.txt
[2026-06-17 11:10:58,344] INFO [dyslexia_ai_tutor.run_full_workflow:104] Document chunked into 1 fragments.
[2026-06-17 11:10:58,344] INFO [dyslexia_ai_tutor.run_full_workflow:107] Retrieving context for query: 'spaced repetition'
[2026-06-17 11:10:58,361] INFO [dyslexia_ai_tutor.run_full_workflow:114] Context retrieved successfully (221 characters).
[2026-06-17 11:10:58,361] INFO [dyslexia_ai_tutor.run_full_workflow:117] Routing content to adaptation agents.
[2026-06-17 11:22:19,699] INFO [dyslexia_ai_tutor.__init__:50] OrchestratorAgent initialized with all sub-agents.
[2026-06-17 11:30:44,974] INFO [dyslexia_ai_tutor.__init__:50] OrchestratorAgent initialized with all sub-agents.
[2026-06-17 11:31:03,466] INFO [dyslexia_ai_tutor.__init__:50] OrchestratorAgent initialized with all sub-agents.
[2026-06-17 11:32:24,642] INFO [dyslexia_ai_tutor.main:98] Dyslexia AI Tutor startup complete.
[2026-06-17 11:32:26,483] INFO [dyslexia_ai_tutor.__init__:50] OrchestratorAgent initialized with all sub-agents.
[2026-06-17 11:32:26,484] INFO [dyslexia_ai_tutor.run_full_workflow:83] Starting workflow for user=alex, file=C:\Users\arees\Downloads\hackathon\dyslexia-ai-tutor\uploads\sample_topic.txt, query='spaced repetition'
[2026-06-17 11:32:26,484] INFO [dyslexia_ai_tutor.run_full_workflow:102] Ingesting file: C:\Users\arees\Downloads\hackathon\dyslexia-ai-tutor\uploads\sample_topic.txt
[2026-06-17 11:32:26,523] INFO [dyslexia_ai_tutor.run_full_workflow:104] Document chunked into 1 fragments.
[2026-06-17 11:32:26,523] INFO [dyslexia_ai_tutor.run_full_workflow:107] Retrieving context for query: 'spaced repetition'
[2026-06-17 11:32:26,528] INFO [dyslexia_ai_tutor.run_full_workflow:114] Context retrieved successfully (221 characters).
[2026-06-17 11:32:26,528] INFO [dyslexia_ai_tutor.run_full_workflow:117] Routing content to adaptation agents.
[2026-06-17 11:35:08,758] INFO [dyslexia_ai_tutor.__init__:50] OrchestratorAgent initialized with all sub-agents.
[2026-06-17 11:35:14,224] INFO [dyslexia_ai_tutor.main:98] Dyslexia AI Tutor startup complete.
[2026-06-17 11:35:15,912] INFO [dyslexia_ai_tutor.__init__:50] OrchestratorAgent initialized with all sub-agents.
[2026-06-17 11:35:15,913] INFO [dyslexia_ai_tutor.run_full_workflow:83] Starting workflow for user=alex, file=C:\Users\arees\Downloads\hackathon\dyslexia-ai-tutor\uploads\sample_topic.txt, query='spaced repetition'
[2026-06-17 11:35:15,913] INFO [dyslexia_ai_tutor.run_full_workflow:102] Ingesting file: C:\Users\arees\Downloads\hackathon\dyslexia-ai-tutor\uploads\sample_topic.txt
[2026-06-17 11:35:15,947] INFO [dyslexia_ai_tutor.run_full_workflow:104] Document chunked into 1 fragments.
[2026-06-17 11:35:15,948] INFO [dyslexia_ai_tutor.run_full_workflow:107] Retrieving context for query: 'spaced repetition'
[2026-06-17 11:35:15,950] INFO [dyslexia_ai_tutor.run_full_workflow:114] Context retrieved successfully (221 characters).
[2026-06-17 11:35:15,950] INFO [dyslexia_ai_tutor.run_full_workflow:117] Routing content to adaptation agents.
[2026-06-17 11:35:39,107] INFO [dyslexia_ai_tutor.main:98] Dyslexia AI Tutor startup complete.
[2026-06-17 11:35:41,298] INFO [dyslexia_ai_tutor.__init__:50] OrchestratorAgent initialized with all sub-agents.
[2026-06-17 11:35:41,299] INFO [dyslexia_ai_tutor.run_full_workflow:83] Starting workflow for user=alex, file=C:\Users\arees\Downloads\hackathon\dyslexia-ai-tutor\uploads\sample_topic.txt, query='spaced repetition'
[2026-06-17 11:35:41,299] INFO [dyslexia_ai_tutor.run_full_workflow:102] Ingesting file: C:\Users\arees\Downloads\hackathon\dyslexia-ai-tutor\uploads\sample_topic.txt
[2026-06-17 11:35:41,362] INFO [dyslexia_ai_tutor.run_full_workflow:104] Document chunked into 1 fragments.
[2026-06-17 11:35:41,362] INFO [dyslexia_ai_tutor.run_full_workflow:107] Retrieving context for query: 'spaced repetition'
[2026-06-17 11:35:41,369] INFO [dyslexia_ai_tutor.run_full_workflow:114] Context retrieved successfully (221 characters).
[2026-06-17 11:35:41,369] INFO [dyslexia_ai_tutor.run_full_workflow:117] Routing content to adaptation agents.
[2026-06-17 11:37:28,115] INFO [dyslexia_ai_tutor.main:98] Dyslexia AI Tutor startup complete.
[2026-06-17 11:37:29,923] INFO [dyslexia_ai_tutor.__init__:50] OrchestratorAgent initialized with all sub-agents.
[2026-06-17 11:37:29,924] INFO [dyslexia_ai_tutor.run_full_workflow:83] Starting workflow for user=alex, file=C:\Users\arees\Downloads\hackathon\dyslexia-ai-tutor\uploads\sample_topic.txt, query='spaced repetition'
[2026-06-17 11:37:29,924] INFO [dyslexia_ai_tutor.run_full_workflow:102] Ingesting file: C:\Users\arees\Downloads\hackathon\dyslexia-ai-tutor\uploads\sample_topic.txt
[2026-06-17 11:37:29,977] INFO [dyslexia_ai_tutor.run_full_workflow:104] Document chunked into 1 fragments.
[2026-06-17 11:37:29,977] INFO [dyslexia_ai_tutor.run_full_workflow:107] Retrieving context for query: 'spaced repetition'
[2026-06-17 11:37:29,979] INFO [dyslexia_ai_tutor.run_full_workflow:114] Context retrieved successfully (221 characters).
[2026-06-17 11:37:29,980] INFO [dyslexia_ai_tutor.run_full_workflow:117] Routing content to adaptation agents.
[2026-06-17 11:41:35,799] INFO [dyslexia_ai_tutor.main:98] Dyslexia AI Tutor startup complete.
[2026-06-17 11:41:37,934] INFO [dyslexia_ai_tutor.__init__:50] OrchestratorAgent initialized with all sub-agents.
[2026-06-17 11:41:37,935] INFO [dyslexia_ai_tutor.run_full_workflow:83] Starting workflow for user=alex, file=C:\Users\arees\Downloads\hackathon\dyslexia-ai-tutor\uploads\sample_topic.txt, query='spaced repetition'
[2026-06-17 11:41:37,936] INFO [dyslexia_ai_tutor.run_full_workflow:102] Ingesting file: C:\Users\arees\Downloads\hackathon\dyslexia-ai-tutor\uploads\sample_topic.txt
[2026-06-17 11:41:37,971] INFO [dyslexia_ai_tutor.run_full_workflow:104] Document chunked into 1 fragments.
[2026-06-17 11:41:37,971] INFO [dyslexia_ai_tutor.run_full_workflow:107] Retrieving context for query: 'spaced repetition'
[2026-06-17 11:41:37,973] INFO [dyslexia_ai_tutor.run_full_workflow:114] Context retrieved successfully (221 characters).
[2026-06-17 11:41:37,974] INFO [dyslexia_ai_tutor.run_full_workflow:117] Routing content to adaptation agents.
[2026-06-17 11:42:12,833] INFO [dyslexia_ai_tutor.main:98] Dyslexia AI Tutor startup complete.
[2026-06-17 11:42:14,934] INFO [dyslexia_ai_tutor.__init__:50] OrchestratorAgent initialized with all sub-agents.
[2026-06-17 11:42:14,936] INFO [dyslexia_ai_tutor.run_full_workflow:83] Starting workflow for user=alex, file=C:\Users\arees\Downloads\hackathon\dyslexia-ai-tutor\uploads\sample_topic.txt, query='spaced repetition'
[2026-06-17 11:42:14,936] INFO [dyslexia_ai_tutor.run_full_workflow:102] Ingesting file: C:\Users\arees\Downloads\hackathon\dyslexia-ai-tutor\uploads\sample_topic.txt
[2026-06-17 11:42:14,972] INFO [dyslexia_ai_tutor.run_full_workflow:104] Document chunked into 1 fragments.
[2026-06-17 11:42:14,972] INFO [dyslexia_ai_tutor.run_full_workflow:107] Retrieving context for query: 'spaced repetition'
[2026-06-17 11:42:14,976] INFO [dyslexia_ai_tutor.run_full_workflow:114] Context retrieved successfully (221 characters).
[2026-06-17 11:42:14,976] INFO [dyslexia_ai_tutor.run_full_workflow:117] Routing content to adaptation agents.
[2026-06-17 11:49:52,693] INFO [dyslexia_ai_tutor.main:98] Dyslexia AI Tutor startup complete.
[2026-06-17 11:49:54,809] INFO [dyslexia_ai_tutor.__init__:50] OrchestratorAgent initialized with all sub-agents.
[2026-06-17 11:49:54,810] INFO [dyslexia_ai_tutor.run_full_workflow:83] Starting workflow for user=alex, file=C:\Users\arees\Downloads\hackathon\dyslexia-ai-tutor\uploads\sample_topic.txt, query='spaced repetition'
[2026-06-17 11:49:54,811] INFO [dyslexia_ai_tutor.run_full_workflow:102] Ingesting file: C:\Users\arees\Downloads\hackathon\dyslexia-ai-tutor\uploads\sample_topic.txt
[2026-06-17 11:49:54,853] INFO [dyslexia_ai_tutor.run_full_workflow:104] Document chunked into 1 fragments.
[2026-06-17 11:49:54,854] INFO [dyslexia_ai_tutor.run_full_workflow:107] Retrieving context for query: 'spaced repetition'
[2026-06-17 11:49:54,857] INFO [dyslexia_ai_tutor.run_full_workflow:114] Context retrieved successfully (221 characters).
[2026-06-17 11:49:54,858] INFO [dyslexia_ai_tutor.run_full_workflow:117] Routing content to adaptation agents.
[2026-06-17 12:01:38,518] INFO [dyslexia_ai_tutor.main:98] Dyslexia AI Tutor startup complete.
[2026-06-17 12:01:39,323] INFO [dyslexia_ai_tutor.__init__:50] OrchestratorAgent initialized with all sub-agents.
[2026-06-17 12:01:39,324] INFO [dyslexia_ai_tutor.run_full_workflow:83] Starting workflow for user=alex, file=C:\Users\arees\Downloads\hackathon\dyslexia-ai-tutor\uploads\sample_topic.txt, query='spaced repetition'
[2026-06-17 12:01:39,325] INFO [dyslexia_ai_tutor.run_full_workflow:102] Ingesting file: C:\Users\arees\Downloads\hackathon\dyslexia-ai-tutor\uploads\sample_topic.txt
[2026-06-17 12:01:39,377] INFO [dyslexia_ai_tutor.run_full_workflow:104] Document chunked into 1 fragments.
[2026-06-17 12:01:39,377] INFO [dyslexia_ai_tutor.run_full_workflow:107] Retrieving context for query: 'spaced repetition'
[2026-06-17 12:01:39,379] INFO [dyslexia_ai_tutor.run_full_workflow:114] Context retrieved successfully (221 characters).
[2026-06-17 12:01:39,380] INFO [dyslexia_ai_tutor.run_full_workflow:117] Routing content to adaptation agents.
[2026-06-17 12:02:01,770] INFO [dyslexia_ai_tutor.run_full_workflow:124] Lesson created. Adapted text, audio=C:\Users\arees\Downloads\hackathon\dyslexia-ai-tutor\generated_content\audio\lesson_8719_audio.mp3, visual=C:\Users\arees\Downloads\hackathon\dyslexia-ai-tutor\generated_content/visuals/lesson_8719_diagram.mermaid
[2026-06-17 12:02:01,770] INFO [dyslexia_ai_tutor.run_full_workflow:127] Generating active practice exercises.
[2026-06-17 12:02:06,379] INFO [dyslexia_ai_tutor.run_full_workflow:131] Creating assessment quiz.
[2026-06-17 12:02:10,685] INFO [dyslexia_ai_tutor.run_full_workflow:134] Evaluating user answers: [1, 1]
[2026-06-17 12:02:23,427] INFO [dyslexia_ai_tutor.run_full_workflow:139] Updating spaced repetition reviews.
[2026-06-17 12:02:23,428] INFO [dyslexia_ai_tutor.run_full_workflow:147] Updating learner progress database.
[2026-06-17 12:02:23,434] INFO [dyslexia_ai_tutor.run_full_workflow:157] Workflow completed successfully for user=alex. Score=0.5
[2026-06-17 12:04:09,698] INFO [dyslexia_ai_tutor.__init__:50] OrchestratorAgent initialized with all sub-agents.
[2026-06-17 12:04:12,085] INFO [dyslexia_ai_tutor.__init__:50] OrchestratorAgent initialized with all sub-agents.
[2026-06-17 12:11:18,674] INFO [dyslexia_ai_tutor.__init__:50] OrchestratorAgent initialized with all sub-agents.
[2026-06-17 12:11:36,610] INFO [dyslexia_ai_tutor.__init__:50] OrchestratorAgent initialized with all sub-agents.
[2026-06-17 12:24:37,284] INFO [dyslexia_ai_tutor.__init__:50] OrchestratorAgent initialized with all sub-agents.
[2026-06-17 12:32:14,341] INFO [dyslexia_ai_tutor.__init__:50] OrchestratorAgent initialized with all sub-agents.
[2026-06-17 12:32:17,525] INFO [dyslexia_ai_tutor.__init__:50] OrchestratorAgent initialized with all sub-agents.
[2026-06-17 12:35:19,514] INFO [dyslexia_ai_tutor.__init__:50] OrchestratorAgent initialized with all sub-agents.
[2026-06-17 12:35:20,861] INFO [dyslexia_ai_tutor.__init__:50] OrchestratorAgent initialized with all sub-agents.
[2026-06-17 12:48:04,901] INFO [dyslexia_ai_tutor.__init__:50] OrchestratorAgent initialized with all sub-agents.
[2026-06-17 12:48:08,532] INFO [dyslexia_ai_tutor.__init__:50] OrchestratorAgent initialized with all sub-agents.
[2026-06-17 13:18:33,448] INFO [dyslexia_ai_tutor.__init__:50] OrchestratorAgent initialized with all sub-agents.
[2026-06-17 13:18:36,664] INFO [dyslexia_ai_tutor.__init__:50] OrchestratorAgent initialized with all sub-agents.
[2026-06-17 13:18:37,576] INFO [dyslexia_ai_tutor.__init__:50] OrchestratorAgent initialized with all sub-agents.
[2026-06-17 13:18:37,625] INFO [dyslexia_ai_tutor.__init__:50] OrchestratorAgent initialized with all sub-agents.
[2026-06-17 13:18:41,846] INFO [dyslexia_ai_tutor.__init__:50] OrchestratorAgent initialized with all sub-agents.
[2026-06-17 13:18:43,236] INFO [dyslexia_ai_tutor.__init__:50] OrchestratorAgent initialized with all sub-agents.
[2026-06-17 13:18:43,371] INFO [dyslexia_ai_tutor.__init__:50] OrchestratorAgent initialized with all sub-agents.
[2026-06-17 13:18:46,209] INFO [dyslexia_ai_tutor.__init__:50] OrchestratorAgent initialized with all sub-agents.
[2026-06-17 13:18:47,333] INFO [dyslexia_ai_tutor.__init__:50] OrchestratorAgent initialized with all sub-agents.
[2026-06-17 13:19:02,751] INFO [dyslexia_ai_tutor.__init__:50] OrchestratorAgent initialized with all sub-agents.
[2026-06-17 13:19:05,271] INFO [dyslexia_ai_tutor.__init__:50] OrchestratorAgent initialized with all sub-agents.
[2026-06-17 13:22:31,163] INFO [dyslexia_ai_tutor.__init__:50] OrchestratorAgent initialized with all sub-agents.
[2026-06-17 13:22:31,421] INFO [dyslexia_ai_tutor.__init__:50] OrchestratorAgent initialized with all sub-agents.
[2026-06-17 13:22:31,434] INFO [dyslexia_ai_tutor.__init__:50] OrchestratorAgent initialized with all sub-agents.
[2026-06-17 13:22:31,540] INFO [dyslexia_ai_tutor.__init__:50] OrchestratorAgent initialized with all sub-agents.
[2026-06-17 13:25:39,723] INFO [dyslexia_ai_tutor.__init__:50] OrchestratorAgent initialized with all sub-agents.
[2026-06-17 13:25:42,209] INFO [dyslexia_ai_tutor.__init__:50] OrchestratorAgent initialized with all sub-agents.
[2026-06-17 13:31:23,161] INFO [dyslexia_ai_tutor.__init__:50] OrchestratorAgent initialized with all sub-agents.
[2026-06-17 13:33:29,573] INFO [dyslexia_ai_tutor.__init__:50] OrchestratorAgent initialized with all sub-agents.
[2026-06-17 13:33:38,709] INFO [dyslexia_ai_tutor.__init__:50] OrchestratorAgent initialized with all sub-agents.
[2026-06-17 13:33:46,746] INFO [dyslexia_ai_tutor.__init__:50] OrchestratorAgent initialized with all sub-agents.
[2026-06-17 13:33:53,766] INFO [dyslexia_ai_tutor.__init__:50] OrchestratorAgent initialized with all sub-agents.
[2026-06-17 13:35:02,744] INFO [dyslexia_ai_tutor.__init__:50] OrchestratorAgent initialized with all sub-agents.
[2026-06-17 13:35:05,251] INFO [dyslexia_ai_tutor.__init__:50] OrchestratorAgent initialized with all sub-agents.
[2026-06-17 13:38:57,196] INFO [dyslexia_ai_tutor.__init__:50] OrchestratorAgent initialized with all sub-agents.
[2026-06-17 13:38:59,729] INFO [dyslexia_ai_tutor.__init__:50] OrchestratorAgent initialized with all sub-agents.
[2026-06-17 13:43:26,360] INFO [dyslexia_ai_tutor.__init__:50] OrchestratorAgent initialized with all sub-agents.
[2026-06-17 13:44:00,494] INFO [dyslexia_ai_tutor.__init__:50] OrchestratorAgent initialized with all sub-agents.
[2026-06-17 13:44:10,347] INFO [dyslexia_ai_tutor.__init__:50] OrchestratorAgent initialized with all sub-agents.
[2026-06-17 13:44:19,000] INFO [dyslexia_ai_tutor.__init__:50] OrchestratorAgent initialized with all sub-agents.
[2026-06-17 13:49:50,071] INFO [dyslexia_ai_tutor.__init__:50] OrchestratorAgent initialized with all sub-agents.
[2026-06-17 13:49:53,255] INFO [dyslexia_ai_tutor.__init__:50] OrchestratorAgent initialized with all sub-agents.
[2026-06-17 14:01:09,690] INFO [dyslexia_ai_tutor.__init__:50] OrchestratorAgent initialized with all sub-agents.
[2026-06-17 14:26:19,727] INFO [dyslexia_ai_tutor.__init__:50] OrchestratorAgent initialized with all sub-agents.
[2026-06-17 14:35:44,087] INFO [dyslexia_ai_tutor.__init__:50] OrchestratorAgent initialized with all sub-agents.
[2026-06-17 15:01:50,102] INFO [dyslexia_ai_tutor.__init__:50] OrchestratorAgent initialized with all sub-agents.
[2026-06-17 16:13:50,804] INFO [dyslexia_ai_tutor.__init__:50] OrchestratorAgent initialized with all sub-agents.
[2026-06-17 16:18:15,987] INFO [dyslexia_ai_tutor.__init__:50] OrchestratorAgent initialized with all sub-agents.
[2026-06-17 16:18:19,082] INFO [dyslexia_ai_tutor.__init__:50] OrchestratorAgent initialized with all sub-agents.
[2026-06-17 16:21:49,725] INFO [dyslexia_ai_tutor.__init__:50] OrchestratorAgent initialized with all sub-agents.
[2026-06-17 16:35:47,598] INFO [dyslexia_ai_tutor.__init__:50] OrchestratorAgent initialized with all sub-agents.
[2026-06-17 16:38:51,468] INFO [dyslexia_ai_tutor.__init__:50] OrchestratorAgent initialized with all sub-agents.
[2026-06-17 16:39:02,535] INFO [dyslexia_ai_tutor.__init__:50] OrchestratorAgent initialized with all sub-agents.
[2026-06-17 16:39:08,560] INFO [dyslexia_ai_tutor.__init__:50] OrchestratorAgent initialized with all sub-agents.
[2026-06-17 16:39:16,488] INFO [dyslexia_ai_tutor.__init__:50] OrchestratorAgent initialized with all sub-agents.
[2026-06-17 16:40:23,515] INFO [dyslexia_ai_tutor.__init__:50] OrchestratorAgent initialized with all sub-agents.
[2026-06-18 12:42:57,899] INFO [dyslexia_ai_tutor.__init__:50] OrchestratorAgent initialized with all sub-agents.
[2026-06-22 16:32:11,543] INFO [dyslexia_ai_tutor.__init__:50] OrchestratorAgent initialized with all sub-agents.
[2026-06-22 16:32:14,809] INFO [dyslexia_ai_tutor.__init__:50] OrchestratorAgent initialized with all sub-agents.
[2026-06-22 16:33:37,083] INFO [dyslexia_ai_tutor.__init__:50] OrchestratorAgent initialized with all sub-agents.
[2026-06-22 16:34:43,078] INFO [dyslexia_ai_tutor.__init__:50] OrchestratorAgent initialized with all sub-agents.
[2026-06-22 16:34:49,655] INFO [dyslexia_ai_tutor.__init__:50] OrchestratorAgent initialized with all sub-agents.
[2026-06-22 16:34:55,650] INFO [dyslexia_ai_tutor.__init__:50] OrchestratorAgent initialized with all sub-agents.
